2025-10-13T10:23:54.737006Z	init_load	user_id=1;user_name=truongvi	width=1600	height=900
2025-10-13T10:23:54.833812Z	show	user_id=1;user_name=truongvi	width=2316	height=1046
2025-10-13T10:24:55.354856Z	init_load	user_id=1;user_name=testuser	width=1600	height=900
2025-10-13T10:24:55.429124Z	show	user_id=1;user_name=testuser	width=2206	height=1012
2025-10-13T10:26:20.934134Z	init_load	user_id=1;user_name=truongvi	width=1600	height=900
2025-10-13T10:26:21.010675Z	show	user_id=1;user_name=truongvi	width=2316	height=1046
2025-10-13T10:27:43.982221Z	init_load	user_id=1;user_name=truongvi	width=1600	height=900
2025-10-13T10:27:44.052363Z	show	user_id=1;user_name=truongvi	width=2316	height=1046
2025-10-13T10:28:15.359247Z	init_load	user_id=2;user_name=nhatanh	width=1600	height=900
2025-10-13T10:28:15.423905Z	show	user_id=2;user_name=nhatanh	width=1616	height=1046
2025-10-13T10:29:29.775860Z	init_load	user_id=1;user_name=truongvi	width=1600	height=900	screen=1920x1020	dpr=1.0	is_max=False	is_full=False	content=640x480	side=300x480
2025-10-13T10:29:29.843656Z	show	user_id=1;user_name=truongvi	width=2206	height=1012	screen=1920x1020	dpr=1.0	is_max=False	is_full=False	content=1884x963	side=300x973
2025-10-13T10:29:32.031298Z	init_load	user_id=2;user_name=nhatanh	width=1600	height=900	screen=1920x1020	dpr=1.0	is_max=False	is_full=False	content=640x480	side=300x480
2025-10-13T10:29:32.066831Z	show	user_id=2;user_name=nhatanh	width=1602	height=1012	screen=1920x1020	dpr=1.0	is_max=False	is_full=False	content=1280x963	side=300x973
2025-10-13T10:29:54.329798Z	init_load	user_id=1;user_name=truongvi	width=1600	height=900	screen=1920x1020	dpr=1.0	is_max=False	is_full=False	content=640x480	side=300x480
2025-10-13T10:29:54.414452Z	show	user_id=1;user_name=truongvi	width=2316	height=1046	screen=1920x1020	dpr=1.0	is_max=False	is_full=False	content=1994x997	side=300x1007
2025-10-13T10:31:12.267092Z	init_load	user_id=1;user_name=truongvi	width=1600	height=900	screen=1920x1020	dpr=1.0	is_max=False	is_full=False	content=640x480	side=300x480	content_hint=1884x963	content_min=1884x963	home_hint=658x870	tasks_hint=663x961	cal_hint=1884x963
2025-10-13T10:31:12.312943Z	show	user_id=1;user_name=truongvi	width=2206	height=1012	screen=1920x1020	dpr=1.0	is_max=False	is_full=False	content=1884x963	side=300x973	content_hint=1884x963	content_min=1884x963	home_hint=658x870	tasks_hint=663x961	cal_hint=1884x963
2025-10-13T10:31:35.617097Z	init_load	user_id=1;user_name=truongvi	width=1600	height=900	screen=1920x1020	dpr=1.0	is_max=False	is_full=False	content=640x480	side=300x480	content_hint=1994x997	content_min=1994x997	home_hint=766x957	tasks_hint=716x1049	cal_hint=1994x997
2025-10-13T10:31:35.634079Z	show	user_id=1;user_name=truongvi	width=2316	height=1046	screen=1920x1020	dpr=1.0	is_max=False	is_full=False	content=1994x997	side=300x1007	content_hint=1994x997	content_min=1994x997	home_hint=766x957	tasks_hint=716x1049	cal_hint=1994x997
2025-10-13T10:32:26.679337Z	init_load	user_id=1;user_name=truongvi	width=1600	height=900	screen=1920x1020	dpr=1.0	is_max=False	is_full=False	content=640x480	side=300x480	content_hint=1994x997	content_min=1994x997	home_hint=766x957	tasks_hint=716x1049	cal_hint=1994x997
2025-10-13T10:32:26.700222Z	show	user_id=1;user_name=truongvi	width=2316	height=1046	screen=1920x1020	dpr=1.0	is_max=False	is_full=False	content=1994x997	side=300x1007	content_hint=1994x997	content_min=1994x997	home_hint=766x957	tasks_hint=716x1049	cal_hint=1994x997
2025-10-13T10:33:47.633597Z	init_load	user_id=1;user_name=truongvi	width=1600	height=900	screen=1920x1020	dpr=1.0	is_max=False	is_full=False	content=640x480	side=300x480	content_hint=1884x963	content_min=1884x963	home_hint=658x870	tasks_hint=663x961	cal_hint=1884x963
2025-10-13T10:33:47.684693Z	show	user_id=1;user_name=truongvi	width=2206	height=1012	screen=1920x1020	dpr=1.0	is_max=False	is_full=False	content=1884x963	side=300x973	content_hint=1884x963	content_min=1884x963	home_hint=658x870	tasks_hint=663x961	cal_hint=1884x963
2025-10-13T10:34:16.658639Z	init_load	user_id=1;user_name=truongvi	width=1600	height=900	screen=1920x1020	dpr=1.0	is_max=False	is_full=False	content=640x480	side=300x480	content_hint=1994x997	content_min=1994x997	home_hint=766x957	tasks_hint=716x1049	cal_hint=1994x997
2025-10-13T10:34:16.670801Z	show	user_id=1;user_name=truongvi	width=2316	height=1046	screen=1920x1020	dpr=1.0	is_max=False	is_full=False	content=1994x997	side=300x1007	content_hint=1994x997	content_min=1994x997	home_hint=766x957	tasks_hint=716x1049	cal_hint=1994x997
2025-10-13T10:34:49.313758Z	init_load	user_id=1;user_name=truongvi	width=1600	height=900	screen=1920x1020	dpr=1.0	is_max=False	is_full=False	content=640x480	side=300x480	content_hint=1747x997	content_min=1747x997	home_hint=766x957	tasks_hint=716x1049	cal_hint=1747x997
2025-10-13T10:34:49.332125Z	show	user_id=1;user_name=truongvi	width=2069	height=1046	screen=1920x1020	dpr=1.0	is_max=False	is_full=False	content=1747x997	side=300x1007	content_hint=1747x997	content_min=1747x997	home_hint=766x957	tasks_hint=716x1049	cal_hint=1747x997
2025-10-13T10:35:01.963105Z	init_load	user_id=1;user_name=truongvi	width=1600	height=900	screen=1920x1020	dpr=1.0	is_max=False	is_full=False	content=640x480	side=300x480	content_hint=1712x963	content_min=1712x963	home_hint=658x870	tasks_hint=663x961	cal_hint=1712x963
2025-10-13T10:35:02.002226Z	show	user_id=1;user_name=truongvi	width=2034	height=1012	screen=1920x1020	dpr=1.0	is_max=False	is_full=False	content=1712x963	side=300x973	content_hint=1712x963	content_min=1712x963	home_hint=658x870	tasks_hint=663x961	cal_hint=1712x963
2025-10-13T10:35:41.533276Z	init_load	user_id=1;user_name=truongvi	width=1600	height=900	screen=1920x1020	dpr=1.0	is_max=False	is_full=False	content=640x480	side=300x480	content_hint=1712x963	content_min=1712x963	home_hint=658x870	tasks_hint=663x961	cal_hint=1712x963
2025-10-13T10:35:41.582886Z	show	user_id=1;user_name=truongvi	width=2034	height=1012	screen=1920x1020	dpr=1.0	is_max=False	is_full=False	content=1540x963	side=300x973	content_hint=1712x963	content_min=1540x963	home_hint=658x870	tasks_hint=663x961	cal_hint=1712x963
2025-10-13T10:36:58.263236Z	init_load	user_id=1;user_name=truongvi	width=1600	height=900	screen=1920x1020	dpr=1.0	is_max=False	is_full=False	content=640x480	side=300x480	content_hint=1747x997	content_min=1747x997	home_hint=766x957	tasks_hint=716x1049	cal_hint=1747x997
2025-10-13T10:36:58.283619Z	show	user_id=1;user_name=truongvi	width=2069	height=1046	screen=1920x1020	dpr=1.0	is_max=False	is_full=False	content=1540x997	side=300x1007	content_hint=1747x997	content_min=1540x997	home_hint=766x957	tasks_hint=716x1049	cal_hint=1747x997
2025-10-13T10:37:52.398529Z	init_load	user_id=2;user_name=nhatanh	width=1600	height=900	screen=1920x1020	dpr=1.0	is_max=False	is_full=False	content=640x480	side=300x480	content_hint=1276x997	content_min=1276x997	home_hint=551x957	tasks_hint=303x1278	cal_hint=1276x997
2025-10-13T10:37:52.425012Z	show	user_id=2;user_name=nhatanh	width=1602	height=1046	screen=1920x1020	dpr=1.0	is_max=False	is_full=False	content=1280x997	side=300x1007	content_hint=1276x997	content_min=1276x997	home_hint=551x957	tasks_hint=303x1278	cal_hint=1276x997
2025-10-13T10:38:36.346900Z	init_load	user_id=1;user_name=truongvi	width=1600	height=900	screen=1920x1020	dpr=1.0	is_max=False	is_full=False	content=640x480	side=300x480	content_hint=1747x997	content_min=1747x997	home_hint=766x957	tasks_hint=716x1178	cal_hint=1747x997
2025-10-13T10:38:36.368430Z	show	user_id=1;user_name=truongvi	width=2069	height=1046	screen=1920x1020	dpr=1.0	is_max=False	is_full=False	content=1540x997	side=300x1007	content_hint=1747x997	content_min=1540x997	home_hint=766x957	tasks_hint=716x1178	cal_hint=1747x997
2025-10-13T10:39:34.750333Z	init_load	user_id=2;user_name=nhatanh	width=1600	height=900	screen=1920x1020	dpr=1.0	is_max=False	is_full=False	content=640x480	side=300x480	content_hint=1276x997	content_min=1276x997	home_hint=551x957	tasks_hint=303x1278	cal_hint=1276x997
2025-10-13T10:39:34.768932Z	show	user_id=2;user_name=nhatanh	width=1602	height=1046	screen=1920x1020	dpr=1.0	is_max=False	is_full=False	content=1280x997	side=300x1007	content_hint=1276x997	content_min=1276x997	home_hint=551x957	tasks_hint=303x1278	cal_hint=1276x997
2025-10-13T10:39:54.732662Z	init_load	user_id=2;user_name=nhatanh	width=1600	height=900	screen=1920x1020	dpr=1.0	is_max=False	is_full=False	content=640x480	side=300x480	content_hint=806x963	content_min=806x963	home_hint=512x870	tasks_hint=294x1172	cal_hint=806x963
2025-10-13T10:39:54.777571Z	show	user_id=2;user_name=nhatanh	width=1602	height=1012	screen=1920x1020	dpr=1.0	is_max=False	is_full=False	content=1280x963	side=300x973	content_hint=806x963	content_min=806x963	home_hint=512x870	tasks_hint=294x1172	cal_hint=806x963
2025-10-13T10:39:56.530029Z	init_load	user_id=1;user_name=truongvi	width=1600	height=900	screen=1920x1020	dpr=1.0	is_max=False	is_full=False	content=640x480	side=300x480	content_hint=806x963	content_min=806x963	home_hint=658x870	tasks_hint=663x1079	cal_hint=806x963
2025-10-13T10:39:56.540617Z	show	user_id=1;user_name=truongvi	width=1602	height=1012	screen=1920x1020	dpr=1.0	is_max=False	is_full=False	content=1280x963	side=300x973	content_hint=806x963	content_min=806x963	home_hint=658x870	tasks_hint=663x1079	cal_hint=806x963
2025-10-13T10:40:16.498450Z	init_load	user_id=1;user_name=truongvi	width=1600	height=900	screen=1920x1020	dpr=1.0	is_max=False	is_full=False	content=640x480	side=300x480	content_hint=806x997	content_min=806x997	home_hint=766x957	tasks_hint=716x1178	cal_hint=806x997
2025-10-13T10:40:16.522583Z	show	user_id=1;user_name=truongvi	width=1602	height=1046	screen=1920x1020	dpr=1.0	is_max=False	is_full=False	content=1280x997	side=300x1007	content_hint=806x997	content_min=806x997	home_hint=766x957	tasks_hint=716x1178	cal_hint=806x997
2025-10-13T10:40:28.026987Z	init_load	user_id=2;user_name=nhatanh	width=1600	height=900	screen=1920x1020	dpr=1.0	is_max=False	is_full=False	content=640x480	side=300x480	content_hint=806x997	content_min=806x997	home_hint=551x957	tasks_hint=303x1278	cal_hint=806x997
2025-10-13T10:40:28.044726Z	show	user_id=2;user_name=nhatanh	width=1602	height=1046	screen=1920x1020	dpr=1.0	is_max=False	is_full=False	content=1280x997	side=300x1007	content_hint=806x997	content_min=806x997	home_hint=551x957	tasks_hint=303x1278	cal_hint=806x997
2025-10-13T10:41:18.393477Z	init_load	user_id=1;user_name=truongvi	width=1600	height=900	screen=1920x1020	dpr=1.0	is_max=False	is_full=False	content=640x480	side=300x480	content_hint=806x997	content_min=806x997	home_hint=766x957	tasks_hint=716x1178	cal_hint=806x997
2025-10-13T10:41:18.413311Z	show	user_id=1;user_name=truongvi	width=1602	height=1046	screen=1920x1020	dpr=1.0	is_max=False	is_full=False	content=1280x997	side=300x1007	content_hint=806x997	content_min=806x997	home_hint=766x957	tasks_hint=716x1178	cal_hint=806x997
2025-10-13T10:41:41.094511Z	init_load	user_id=2;user_name=nhatanh	width=1600	height=900	screen=1920x1020	dpr=1.0	is_max=False	is_full=False	content=640x480	side=300x480	content_hint=806x997	content_min=806x997	home_hint=551x957	tasks_hint=303x1278	cal_hint=806x997
2025-10-13T10:41:41.107401Z	show	user_id=2;user_name=nhatanh	width=1602	height=1046	screen=1920x1020	dpr=1.0	is_max=False	is_full=False	content=1280x997	side=300x1007	content_hint=806x997	content_min=806x997	home_hint=551x957	tasks_hint=303x1278	cal_hint=806x997
2025-10-13T10:44:32.938525Z	init_load	user_id=1;user_name=truongvi	width=1600	height=900	screen=1920x1020	dpr=1.0	is_max=False	is_full=False	content=640x480	side=300x480	content_hint=806x997	content_min=806x997	home_hint=766x957	tasks_hint=716x1178	cal_hint=806x997
2025-10-13T10:44:32.955529Z	show	user_id=1;user_name=truongvi	width=1602	height=1046	screen=1920x1020	dpr=1.0	is_max=False	is_full=False	content=1280x997	side=300x1007	content_hint=806x997	content_min=806x997	home_hint=766x957	tasks_hint=716x1178	cal_hint=806x997
2025-10-13T10:55:10.556473Z	init_load	user_id=1;user_name=truongvi	width=1600	height=900	screen=1920x1020	dpr=1.0	is_max=False	is_full=False	content=640x480	side=300x480	content_hint=806x997	content_min=806x997	home_hint=766x957	tasks_hint=716x1178	cal_hint=806x997
2025-10-13T10:55:10.597223Z	show	user_id=1;user_name=truongvi	width=1602	height=1046	screen=1920x1020	dpr=1.0	is_max=False	is_full=False	content=1280x997	side=300x1007	content_hint=806x997	content_min=806x997	home_hint=766x957	tasks_hint=716x1178	cal_hint=806x997
2025-10-13T10:55:24.895899Z	load_group_3	user_id=1;user_name=truongvi	width=1602	height=1096	screen=1920x1020	dpr=1.0	is_max=False	is_full=False	content=1280x997	side=300x1057	content_hint=806x997	content_min=806x997	home_hint=766x957	tasks_hint=22x22	cal_hint=806x997
2025-10-13T10:55:34.692937Z	load_group_1	user_id=1;user_name=truongvi	width=1688	height=1096	screen=1920x1020	dpr=1.0	is_max=False	is_full=False	content=1366x997	side=300x1057	content_hint=1366x997	content_min=1366x997	home_hint=766x957	tasks_hint=454x662	cal_hint=1366x997
2025-10-13T11:00:40.563655Z	init_load	user_id=2;user_name=nhatanh	width=1600	height=900	screen=1920x1020	dpr=1.0	is_max=False	is_full=False	content=640x480	side=300x480	content_hint=806x997	content_min=806x997	home_hint=551x957	tasks_hint=303x1278	cal_hint=806x997
2025-10-13T11:00:40.585041Z	show	user_id=2;user_name=nhatanh	width=1602	height=1046	screen=1920x1020	dpr=1.0	is_max=False	is_full=False	content=1280x997	side=300x1007	content_hint=806x997	content_min=806x997	home_hint=551x957	tasks_hint=303x1278	cal_hint=806x997
2025-10-13T11:00:54.717559Z	load_group_1	user_id=2;user_name=nhatanh	width=1646	height=1096	screen=1920x1020	dpr=1.0	is_max=False	is_full=False	content=1324x997	side=300x1057	content_hint=1324x997	content_min=1324x997	home_hint=465x957	tasks_hint=502x1307	cal_hint=1324x997
2025-10-13T11:01:06.034358Z	load_group_3	user_id=2;user_name=nhatanh	width=1730	height=1096	screen=1920x1020	dpr=1.0	is_max=False	is_full=False	content=1408x997	side=300x1057	content_hint=1408x997	content_min=1408x997	home_hint=620x957	tasks_hint=22x22	cal_hint=1408x997
2025-10-13T11:01:25.438457Z	init_load	user_id=2;user_name=nhatanh	width=1600	height=900	screen=1920x1020	dpr=1.0	is_max=False	is_full=False	content=640x480	side=300x480	content_hint=806x997	content_min=806x997	home_hint=551x957	tasks_hint=303x1278	cal_hint=806x997
2025-10-13T11:01:25.458792Z	show	user_id=2;user_name=nhatanh	width=1602	height=1046	screen=1920x1020	dpr=1.0	is_max=False	is_full=False	content=1280x997	side=300x1007	content_hint=806x997	content_min=806x997	home_hint=551x957	tasks_hint=303x1278	cal_hint=806x997
2025-10-13T11:01:29.300704Z	load_group_3	user_id=2;user_name=nhatanh	width=1602	height=1096	screen=1920x1020	dpr=1.0	is_max=False	is_full=False	content=1280x997	side=300x1057	content_hint=806x997	content_min=806x997	home_hint=620x957	tasks_hint=22x22	cal_hint=806x997
2025-10-13T11:02:50.509668Z	init_load	user_id=2;user_name=nhatanh	width=1600	height=900	screen=1920x1020	dpr=1.0	is_max=False	is_full=False	content=640x480	side=300x480	content_hint=806x997	content_min=806x997	home_hint=551x957	tasks_hint=303x1278	cal_hint=806x997
2025-10-13T11:02:50.530877Z	show	user_id=2;user_name=nhatanh	width=1602	height=1046	screen=1920x1020	dpr=1.0	is_max=False	is_full=False	content=1280x997	side=300x1007	content_hint=806x997	content_min=806x997	home_hint=551x957	tasks_hint=303x1278	cal_hint=806x997
2025-10-13T11:02:53.287084Z	load_group_3	user_id=2;user_name=nhatanh	width=1602	height=1096	screen=1920x1020	dpr=1.0	is_max=False	is_full=False	content=1280x997	side=300x1057	content_hint=806x997	content_min=806x997	home_hint=620x957	tasks_hint=22x22	cal_hint=806x997
2025-10-13T11:03:58.390823Z	init_load	user_id=2;user_name=nhatanh	width=1600	height=900	screen=1920x1020	dpr=1.0	is_max=False	is_full=False	content=640x480	side=300x480	content_hint=806x997	content_min=806x997	home_hint=551x957	tasks_hint=303x1278	cal_hint=806x997
2025-10-13T11:03:58.404796Z	show	user_id=2;user_name=nhatanh	width=1602	height=1046	screen=1920x1020	dpr=1.0	is_max=False	is_full=False	content=1280x997	side=300x1007	content_hint=806x997	content_min=806x997	home_hint=551x957	tasks_hint=303x1278	cal_hint=806x997
2025-10-13T11:04:03.485237Z	load_group_3	user_id=2;user_name=nhatanh	width=1646	height=1096	screen=1920x1020	dpr=1.0	is_max=False	is_full=False	content=1324x997	side=300x1057	content_hint=1324x997	content_min=1324x997	home_hint=551x957	tasks_hint=303x1278	cal_hint=1324x997
2025-10-13T11:04:32.012382Z	load_group_3	user_id=2;user_name=nhatanh	width=1814	height=1096	screen=1920x1020	dpr=1.0	is_max=False	is_full=False	content=1492x997	side=300x1057	content_hint=1492x997	content_min=1492x997	home_hint=551x957	tasks_hint=303x1278	cal_hint=1492x997
2025-10-13T11:05:19.826625Z	load_group_3	user_id=2;user_name=nhatanh	width=1862	height=1096	screen=1920x1020	dpr=1.0	is_max=False	is_full=False	content=1540x997	side=300x1057	content_hint=1583x997	content_min=1540x997	home_hint=551x957	tasks_hint=303x1278	cal_hint=1583x997
2025-10-13T11:07:52.681702Z	init_load	user_id=2;user_name=nhatanh	width=1600	height=900	screen=1920x1020	dpr=1.0	is_max=False	is_full=False	content=640x480	side=300x480	content_hint=806x997	content_min=806x997	home_hint=551x957	tasks_hint=303x1278	cal_hint=806x997
2025-10-13T11:07:52.701737Z	show	user_id=2;user_name=nhatanh	width=1602	height=1046	screen=1920x1020	dpr=1.0	is_max=False	is_full=False	content=1280x997	side=300x1007	content_hint=806x997	content_min=806x997	home_hint=551x957	tasks_hint=303x1278	cal_hint=806x997
2025-10-13T11:07:55.592904Z	load_group_3	user_id=2;user_name=nhatanh	width=1602	height=1096	screen=1920x1020	dpr=1.0	is_max=False	is_full=False	content=1280x997	side=300x1057	content_hint=806x997	content_min=806x997	home_hint=620x957	tasks_hint=22x22	cal_hint=806x997
2025-10-13T11:12:25.420551Z	init_load	user_id=2;user_name=nhatanh	width=1600	height=900	screen=1920x1020	dpr=1.0	is_max=False	is_full=False	content=640x480	side=300x480	content_hint=806x997	content_min=806x997	home_hint=551x957	tasks_hint=303x1278	cal_hint=806x997
2025-10-13T11:12:25.434486Z	show	user_id=2;user_name=nhatanh	width=1602	height=1046	screen=1920x1020	dpr=1.0	is_max=False	is_full=False	content=1280x997	side=300x1007	content_hint=806x997	content_min=806x997	home_hint=551x957	tasks_hint=303x1278	cal_hint=806x997
2025-10-13T11:12:31.715261Z	load_group_3	user_id=2;user_name=nhatanh	width=1646	height=1096	screen=1920x1020	dpr=1.0	is_max=False	is_full=False	content=1324x997	side=300x1057	content_hint=1324x997	content_min=1324x997	home_hint=551x957	tasks_hint=303x1278	cal_hint=1324x997
2025-10-13T11:16:04.259108Z	init_load	user_id=2;user_name=nhatanh	width=1600	height=900	screen=1920x1020	dpr=1.0	is_max=False	is_full=False	content=640x480	side=300x480	content_hint=806x997	content_min=806x997	home_hint=551x957	tasks_hint=303x1278	cal_hint=806x997
2025-10-13T11:16:04.279082Z	show	user_id=2;user_name=nhatanh	width=1602	height=1046	screen=1920x1020	dpr=1.0	is_max=False	is_full=False	content=1280x997	side=300x1007	content_hint=806x997	content_min=806x997	home_hint=551x957	tasks_hint=303x1278	cal_hint=806x997
2025-10-13T11:16:09.883406Z	load_group_3	user_id=2;user_name=nhatanh	width=1646	height=1096	screen=1920x1020	dpr=1.0	is_max=False	is_full=False	content=1324x997	side=300x1057	content_hint=1324x997	content_min=1324x997	home_hint=551x957	tasks_hint=303x1278	cal_hint=1324x997
2025-10-13T11:17:23.023877Z	init_load	user_id=2;user_name=nhatanh	width=1600	height=900	screen=1920x1020	dpr=1.0	is_max=False	is_full=False	content=640x480	side=300x480	content_hint=806x997	content_min=806x997	home_hint=551x957	tasks_hint=303x1278	cal_hint=806x997
2025-10-13T11:17:23.043333Z	show	user_id=2;user_name=nhatanh	width=1602	height=1046	screen=1920x1020	dpr=1.0	is_max=False	is_full=False	content=1280x997	side=300x1007	content_hint=806x997	content_min=806x997	home_hint=551x957	tasks_hint=303x1278	cal_hint=806x997
2025-10-13T11:17:26.772220Z	load_group_3	user_id=2;user_name=nhatanh	width=1602	height=1096	screen=1920x1020	dpr=1.0	is_max=False	is_full=False	content=1280x997	side=300x1057	content_hint=806x997	content_min=806x997	home_hint=620x957	tasks_hint=22x22	cal_hint=806x997
2025-10-13T11:19:13.470113Z	init_load	user_id=1;user_name=truongvi	width=1600	height=900	screen=1920x1020	dpr=1.0	is_max=False	is_full=False	content=640x480	side=300x480	content_hint=806x997	content_min=806x997	home_hint=766x957	tasks_hint=716x1178	cal_hint=806x997
2025-10-13T11:19:13.560652Z	show	user_id=1;user_name=truongvi	width=1602	height=1046	screen=1920x1020	dpr=1.0	is_max=False	is_full=False	content=1280x997	side=300x1007	content_hint=806x997	content_min=806x997	home_hint=766x957	tasks_hint=716x1178	cal_hint=806x997
2025-10-13T11:19:16.992715Z	load_group_1	user_id=1;user_name=truongvi	width=1602	height=1096	screen=1920x1020	dpr=1.0	is_max=False	is_full=False	content=1280x997	side=300x1057	content_hint=806x997	content_min=806x997	home_hint=766x957	tasks_hint=22x22	cal_hint=806x997
2025-10-13T11:19:53.909996Z	init_load	user_id=2;user_name=nhatanh	width=1600	height=900	screen=1920x1020	dpr=1.0	is_max=False	is_full=False	content=640x480	side=300x480	content_hint=806x997	content_min=806x997	home_hint=551x957	tasks_hint=303x1278	cal_hint=806x997
2025-10-13T11:19:53.920881Z	show	user_id=2;user_name=nhatanh	width=1602	height=1046	screen=1920x1020	dpr=1.0	is_max=False	is_full=False	content=1280x997	side=300x1007	content_hint=806x997	content_min=806x997	home_hint=551x957	tasks_hint=303x1278	cal_hint=806x997
2025-10-13T11:19:58.105741Z	load_group_3	user_id=2;user_name=nhatanh	width=1602	height=1096	screen=1920x1020	dpr=1.0	is_max=False	is_full=False	content=1280x997	side=300x1057	content_hint=806x997	content_min=806x997	home_hint=620x957	tasks_hint=22x22	cal_hint=806x997
2025-10-13T11:24:07.642850Z	init_load	user_id=1;user_name=truongvi	width=1600	height=900	screen=1920x1020	dpr=1.0	is_max=False	is_full=False	content=640x480	side=300x480	content_hint=806x997	content_min=806x997	home_hint=766x957	tasks_hint=716x1178	cal_hint=806x997
2025-10-13T11:24:07.668649Z	show	user_id=1;user_name=truongvi	width=1602	height=1046	screen=1920x1020	dpr=1.0	is_max=False	is_full=False	content=1280x997	side=300x1007	content_hint=806x997	content_min=806x997	home_hint=766x957	tasks_hint=716x1178	cal_hint=806x997
2025-10-13T11:24:11.749851Z	load_group_1	user_id=1;user_name=truongvi	width=1602	height=1096	screen=1920x1020	dpr=1.0	is_max=False	is_full=False	content=1280x997	side=300x1057	content_hint=806x997	content_min=806x997	home_hint=766x957	tasks_hint=22x22	cal_hint=806x997
2025-10-13T11:29:10.628779Z	init_load	user_id=2;user_name=nhatanh	width=1600	height=900	screen=1920x1020	dpr=1.0	is_max=False	is_full=False	content=640x480	side=300x480	content_hint=806x997	content_min=806x997	home_hint=551x957	tasks_hint=303x1278	cal_hint=806x997
2025-10-13T11:29:10.640381Z	show	user_id=2;user_name=nhatanh	width=1602	height=1046	screen=1920x1020	dpr=1.0	is_max=False	is_full=False	content=1280x997	side=300x1007	content_hint=806x997	content_min=806x997	home_hint=551x957	tasks_hint=303x1278	cal_hint=806x997
2025-10-13T11:29:14.179441Z	load_group_1	user_id=2;user_name=nhatanh	width=1602	height=1096	screen=1920x1020	dpr=1.0	is_max=False	is_full=False	content=1280x997	side=300x1057	content_hint=806x997	content_min=806x997	home_hint=465x957	tasks_hint=22x22	cal_hint=806x997
2025-10-13T11:29:22.402963Z	load_group_3	user_id=2;user_name=nhatanh	width=1688	height=1096	screen=1920x1020	dpr=1.0	is_max=False	is_full=False	content=1366x997	side=300x1057	content_hint=1366x997	content_min=1366x997	home_hint=465x957	tasks_hint=502x1307	cal_hint=1366x997
2025-10-13T11:30:08.054292Z	init_load	user_id=2;user_name=nhatanh	width=1600	height=900	screen=1920x1020	dpr=1.0	is_max=False	is_full=False	content=640x480	side=300x480	content_hint=806x997	content_min=806x997	home_hint=551x957	tasks_hint=303x1278	cal_hint=806x997
2025-10-13T11:30:08.067399Z	show	user_id=2;user_name=nhatanh	width=1602	height=1046	screen=1920x1020	dpr=1.0	is_max=False	is_full=False	content=1280x997	side=300x1007	content_hint=806x997	content_min=806x997	home_hint=551x957	tasks_hint=303x1278	cal_hint=806x997
2025-10-13T11:30:14.183098Z	load_group_3	user_id=2;user_name=nhatanh	width=1646	height=1096	screen=1920x1020	dpr=1.0	is_max=False	is_full=False	content=1324x997	side=300x1057	content_hint=1324x997	content_min=1324x997	home_hint=551x957	tasks_hint=303x1278	cal_hint=1324x997
2025-10-13T11:35:11.121633Z	init_load	user_id=2;user_name=nhatanh	width=1600	height=900	screen=1920x1020	dpr=1.0	is_max=False	is_full=False	content=640x480	side=300x480	content_hint=806x997	content_min=806x997	home_hint=551x957	tasks_hint=303x1278	cal_hint=806x997
2025-10-13T11:35:11.135604Z	show	user_id=2;user_name=nhatanh	width=1602	height=1046	screen=1920x1020	dpr=1.0	is_max=False	is_full=False	content=1280x997	side=300x1007	content_hint=806x997	content_min=806x997	home_hint=551x957	tasks_hint=303x1278	cal_hint=806x997
2025-10-13T11:35:15.558573Z	load_group_3	user_id=2;user_name=nhatanh	width=1602	height=1096	screen=1920x1020	dpr=1.0	is_max=False	is_full=False	content=1280x997	side=300x1057	content_hint=806x997	content_min=806x997	home_hint=620x957	tasks_hint=22x22	cal_hint=806x997
2025-10-13T11:36:27.017774Z	init_load	user_id=1;user_name=truongvi	width=1600	height=900	screen=1920x1020	dpr=1.0	is_max=False	is_full=False	content=640x480	side=300x480	content_hint=806x997	content_min=806x997	home_hint=766x957	tasks_hint=716x1178	cal_hint=806x997
2025-10-13T11:36:27.034255Z	show	user_id=1;user_name=truongvi	width=1602	height=1046	screen=1920x1020	dpr=1.0	is_max=False	is_full=False	content=1280x997	side=300x1007	content_hint=806x997	content_min=806x997	home_hint=766x957	tasks_hint=716x1178	cal_hint=806x997
2025-10-13T11:36:38.189223Z	load_group_1	user_id=1;user_name=truongvi	width=1646	height=1096	screen=1920x1020	dpr=1.0	is_max=False	is_full=False	content=1324x997	side=300x1057	content_hint=1324x997	content_min=1324x997	home_hint=766x957	tasks_hint=716x1178	cal_hint=1324x997
2025-10-13T11:37:31.716128Z	init_load	user_id=2;user_name=nhatanh	width=1600	height=900	screen=1920x1020	dpr=1.0	is_max=False	is_full=False	content=640x480	side=300x480	content_hint=806x997	content_min=806x997	home_hint=551x957	tasks_hint=303x1278	cal_hint=806x997
2025-10-13T11:37:31.726260Z	show	user_id=2;user_name=nhatanh	width=1602	height=1046	screen=1920x1020	dpr=1.0	is_max=False	is_full=False	content=1280x997	side=300x1007	content_hint=806x997	content_min=806x997	home_hint=551x957	tasks_hint=303x1278	cal_hint=806x997
2025-10-13T11:37:34.715644Z	load_group_3	user_id=2;user_name=nhatanh	width=1602	height=1096	screen=1920x1020	dpr=1.0	is_max=False	is_full=False	content=1280x997	side=300x1057	content_hint=806x997	content_min=806x997	home_hint=620x957	tasks_hint=22x22	cal_hint=806x997
2025-10-13T11:37:41.627841Z	load_group_1	user_id=2;user_name=nhatanh	width=1688	height=1096	screen=1920x1020	dpr=1.0	is_max=False	is_full=False	content=1366x997	side=300x1057	content_hint=1366x997	content_min=1366x997	home_hint=620x957	tasks_hint=454x791	cal_hint=1366x997
2025-10-13T11:37:58.892796Z	load_group_3	user_id=2;user_name=nhatanh	width=1814	height=1096	screen=1920x1020	dpr=1.0	is_max=False	is_full=False	content=1492x997	side=300x1057	content_hint=1492x997	content_min=1492x997	home_hint=620x957	tasks_hint=454x791	cal_hint=1492x997
